<?xml version="1.0" encoding="UTF-8"?>
<!-- Generated by org.testng.reporters.JUnitReportReporter -->
<testsuite hostname="VikashSharma" failures="0" tests="2" name="cucumber.TestNGTestRunner" time="18.584" errors="0" timestamp="11 Sep 2024 15:42:35 GMT" skipped="0">
  <testcase classname="cucumber.TestNGTestRunner" name="runScenario" time="10.007"/>
  <testcase classname="cucumber.TestNGTestRunner" name="runScenario" time="8.577"/>
</testsuite> <!-- cucumber.TestNGTestRunner -->
